This is e-TeX, Version 3.141592-2.2 (MiKTeX 2.4) (preloaded format=latex 2005.3.5)  9 MAY 2006 00:06
entering extended mode
**example-thesis-Modified.tex
(example-thesis-Modified.tex
LaTeX2e <2003/12/01>
Babel <v3.8a> and hyphenation patterns for english, french, german, ngerman, du
mylang, nohyphenation, loaded.
(gatech-thesis-modified.cls

LaTeX Warning: You have requested document class `gatech-thesis-modified',
               but the document class provides `gatech-thesis'.

Document Class: gatech-thesis 2003/04/14 1.6 (Charles Wilson)
(C:\texmf\tex\latex\tools\calc.sty
Package: calc 1998/07/07 v4.1b Infix arithmetic (KKT,FJ)
\calc@Acount=\count79
\calc@Bcount=\count80
\calc@Adimen=\dimen102
\calc@Bdimen=\dimen103
\calc@Askip=\skip41
\calc@Bskip=\skip42
LaTeX Info: Redefining \setlength on input line 59.
LaTeX Info: Redefining \addtolength on input line 60.
\calc@denominator=\count81
) (C:\texmf\tex\latex\base\report.cls
Document Class: report 2004/02/16 v1.4f Standard LaTeX document class
(C:\texmf\tex\latex\base\size11.clo
File: size11.clo 2004/02/16 v1.4f Standard LaTeX file (size option)
)
\c@part=\count82
\c@chapter=\count83
\c@section=\count84
\c@subsection=\count85
\c@subsubsection=\count86
\c@paragraph=\count87
\c@subparagraph=\count88
\c@figure=\count89
\c@table=\count90
\abovecaptionskip=\skip43
\belowcaptionskip=\skip44
\bibindent=\dimen104
)
\signature@width=\skip45
\c@signatures=\count91
\c@cnt@Lsig=\count92
\c@cnt@Rsig=\count93
\gt@tocentryskip@value=\skip46
\gt@beforepartskip@value=\skip47
\gt@beforechapskip@value=\skip48
\gt@beforesecskip@value=\skip49
\gt@beforesubsecskip@value=\skip50
\gt@beforesubsubsecskip@value=\skip51
\gt@beforeparaskip@value=\skip52
\gt@beforesubparaskip@value=\skip53
\gt@beforefigskip@value=\skip54
\gt@beforetableskip@value=\skip55
\gt@tmpa=\skip56
\c@part@savepagenum=\count94
\c@part@pagenum=\count95
 (gatech-thesis-patch.sty
File: gatech-thesis-patch.sty 2003/04/14 1.6a (Charles Wilson)

gatech-thesis-patch loaded
)) (C:\texmf\tex\latex\graphics\graphicx.sty
Package: graphicx 1999/02/16 v1.0f Enhanced LaTeX Graphics (DPC,SPQR)

(C:\texmf\tex\latex\graphics\keyval.sty
Package: keyval 1999/03/16 v1.13 key=value parser (DPC)
\KV@toks@=\toks14
)
(C:\texmf\tex\latex\graphics\graphics.sty
Package: graphics 2001/07/07 v1.0n Standard LaTeX Graphics (DPC,SPQR)
 (C:\texmf\tex\latex\graphics\trig.sty
Package: trig 1999/03/16 v1.09 sin cos tan (DPC)
) (C:\texmf\tex\latex\00miktex\graphics.cfg
File: graphics.cfg 2003/03/12 v1.1 MiKTeX 'graphics' configuration
)
Package graphics Info: Driver file: dvips.def on input line 80.

(C:\texmf\tex\latex\graphics\dvips.def
File: dvips.def 1999/02/16 v3.0i Driver-dependant file (DPC,SPQR)
))
\Gin@req@height=\dimen105
\Gin@req@width=\dimen106
) (C:\texmf\tex\latex\tools\dcolumn.sty
Package: dcolumn 2001/05/28 v1.06 decimal alignment package (DPC)
(C:\texmf\tex\latex\tools\array.sty
Package: array 2003/12/17 v2.4a Tabular extension package (FMi)
\col@sep=\dimen107
\extrarowheight=\dimen108
\NC@list=\toks15
\extratabsurround=\skip57
\backup@length=\skip58
)) (C:\texmf\tex\latex\tools\bm.sty
Package: bm 2004/02/26 v1.1c Bold Symbol Support (DPC/FMi)
\symboldoperators=\mathgroup4
\symboldletters=\mathgroup5
\symboldsymbols=\mathgroup6
LaTeX Font Info:    Redeclaring math alphabet \mathbf on input line 137.
LaTeX Info: Redefining \bm on input line 203.
)
(C:\texmf\tex\latex\base\makeidx.sty
Package: makeidx 2000/03/29 v1.0m Standard LaTeX package
) (C:\texmf\tex\latex\amsmath\amsmath.sty
Package: amsmath 2000/07/18 v2.13 AMS math features
\@mathmargin=\skip59

For additional information on amsmath, use the `?' option.
(C:\texmf\tex\latex\amsmath\amstext.sty
Package: amstext 2000/06/29 v2.01
 (C:\texmf\tex\latex\amsmath\amsgen.sty
File: amsgen.sty 1999/11/30 v2.0
\@emptytoks=\toks16
\ex@=\dimen109
)) (C:\texmf\tex\latex\amsmath\amsbsy.sty
Package: amsbsy 1999/11/29 v1.2d
LaTeX Info: Redefining \boldsymbol on input line 54.
\pmbraise@=\dimen110
)
(C:\texmf\tex\latex\amsmath\amsopn.sty
Package: amsopn 1999/12/14 v2.01 operator names
)
\inf@bad=\count96
LaTeX Info: Redefining \frac on input line 211.
\uproot@=\count97
\leftroot@=\count98
LaTeX Info: Redefining \overline on input line 307.
\classnum@=\count99
\DOTSCASE@=\count100
LaTeX Info: Redefining \ldots on input line 379.
LaTeX Info: Redefining \dots on input line 382.
LaTeX Info: Redefining \cdots on input line 467.
\Mathstrutbox@=\box26
\strutbox@=\box27
\big@size=\dimen111
LaTeX Font Info:    Redeclaring font encoding OML on input line 567.
LaTeX Font Info:    Redeclaring font encoding OMS on input line 568.
\macc@depth=\count101
\c@MaxMatrixCols=\count102
\dotsspace@=\muskip10
\c@parentequation=\count103
\dspbrk@lvl=\count104
\tag@help=\toks17
\row@=\count105
\column@=\count106
\maxfields@=\count107
\andhelp@=\toks18
\eqnshift@=\dimen112
\alignsep@=\dimen113
\tagshift@=\dimen114
\tagwidth@=\dimen115
\totwidth@=\dimen116
\lineht@=\dimen117
\@envbody=\toks19
\multlinegap=\skip60
\multlinetaggap=\skip61
\mathdisplay@stack=\toks20
LaTeX Info: Redefining \[ on input line 2666.
LaTeX Info: Redefining \] on input line 2667.
)
(C:\texmf\tex\latex\amsfonts\amssymb.sty
Package: amssymb 2002/01/22 v2.2d

(C:\texmf\tex\latex\amsfonts\amsfonts.sty
Package: amsfonts 2001/10/25 v2.2f
\symAMSa=\mathgroup7
\symAMSb=\mathgroup8
LaTeX Font Info:    Overwriting math alphabet `\mathfrak' in version `bold'
(Font)                  U/euf/m/n --> U/euf/b/n on input line 132.
))
(C:\texmf\tex\latex\rotating\rotating.sty
Package: rotating 1997/09/26 v2.13 Rotation package
 (C:\texmf\tex\latex\base\ifthen.sty
Package: ifthen 2001/05/26 v1.1c Standard LaTeX ifthen package (DPC)
)
\c@r@tfl@t=\count108
\rot@float@box=\box28
) (C:\texmf\tex\latex\Tabbing\tabbing.sty

LaTeX Warning: You have requested package `tabbing',
               but the package provides `Tabbing'.

Package: Tabbing 1997/12/18 v1.0 Tabbing environment (JPFD)
) (example-thesis-Modified.aux (example-thesis-Summary.aux)
(chapter-equation.aux) (chapter-table.aux) (chapter-figure.aux) (Ancillary.aux)
)
LaTeX Font Info:    Checking defaults for OML/cmm/m/it on input line 39.
LaTeX Font Info:    ... okay on input line 39.
LaTeX Font Info:    Checking defaults for T1/cmr/m/n on input line 39.
LaTeX Font Info:    ... okay on input line 39.
LaTeX Font Info:    Checking defaults for OT1/cmr/m/n on input line 39.
LaTeX Font Info:    ... okay on input line 39.
LaTeX Font Info:    Checking defaults for OMS/cmsy/m/n on input line 39.
LaTeX Font Info:    ... okay on input line 39.
LaTeX Font Info:    Checking defaults for OMX/cmex/m/n on input line 39.
LaTeX Font Info:    ... okay on input line 39.
LaTeX Font Info:    Checking defaults for U/cmr/m/n on input line 39.
LaTeX Font Info:    ... okay on input line 39.

Underfull \hbox (badness 10000) has occurred while \output is active
 
 []


Underfull \hbox (badness 10000) has occurred while \output is active
 
 []

[1

]
\c@halfsig=\count109
LaTeX Font Info:    Try loading font information for U+msa on input line 42.
 (C:\texmf\tex\latex\amsfonts\umsa.fd
File: umsa.fd 2002/01/19 v2.2g AMS font definitions
)
LaTeX Font Info:    Try loading font information for U+msb on input line 42.
 (C:\texmf\tex\latex\amsfonts\umsb.fd
File: umsb.fd 2002/01/19 v2.2g AMS font definitions
)
***************** Dedication ******************

Underfull \hbox (badness 10000) has occurred while \output is active
 
 []


Underfull \hbox (badness 10000) has occurred while \output is active
 
 []

[2

]
***************** Preface ******************
[3


]
***************** Acknowledgements ******************
[4


] [5


] (example-thesis-Modified.toc)
\tf@toc=\write3
 [6


] (example-thesis-Modified.lot)
\tf@lot=\write4

[7


] (example-thesis-Modified.lof)
\tf@lof=\write5
 [8


] (example-thesis-Summary.tex
***************** Summary ******************
) [9



]
CHAPTER I.
[1


] (chapter-equation.tex
CHAPTER II.
) [2


] (chapter-table.tex
CHAPTER III.
Adding sideways figure on  right hand page) [3



] [4] (chapter-figure.tex
CHAPTER IV.
File: alberteinsteintongue.eps Graphic file (type eps)
<alberteinsteintongue.eps>
File: alberteinsteintongue.eps Graphic file (type eps)
 <alberteinsteintongue.eps>
Adding sideways figure on  right hand page) [5



] [6]
CHAPTER V.
[7


] (Ancillary.tex
APPENDIX A.
) [8



]
***************** References ******************
(example-thesis-Modified.bbl)
***************** Vita ******************
[9



] [10


] (example-thesis-Modified.aux (example-thesis-Summary.aux)
(chapter-equation.aux) (chapter-table.aux) (chapter-figure.aux) (Ancillary.aux)
) )
(\end occurred when \ifx on line 22 was incomplete) 
Here is how much of TeX's memory you used:
 2295 strings out of 95898
 25550 string characters out of 1195289
 76640 words of memory out of 1078881
 5088 multiletter control sequences out of 60000
 13316 words of font info for 48 fonts, out of 500000 for 1000
 14 hyphenation exceptions out of 607
 27i,9n,27p,258b,401s stack positions out of 1500i,500n,5000p,200000b,32768s

Output written on example-thesis-Modified.dvi (19 pages, 15748 bytes).
